This file contains any messages produced by compilers while
running configure, to aid debugging if configure makes a mistake.

It was created by libpng configure 1.4.0, which was
generated by GNU Autoconf 2.65.  Invocation command line was

  $ ./configure --target=arm-elf

## --------- ##
## Platform. ##
## --------- ##

hostname = w500
uname -m = i686
uname -r = 2.6.31.9-174.fc12.i686.PAE
uname -s = Linux
uname -v = #1 SMP Mon Dec 21 06:04:56 UTC 2009

/usr/bin/uname -p = unknown
/bin/uname -X     = unknown

/bin/arch              = i686
/usr/bin/arch -k       = unknown
/usr/convex/getsysinfo = unknown
/usr/bin/hostinfo      = unknown
/bin/machine           = unknown
/usr/bin/oslevel       = unknown
/bin/universe          = unknown

PATH: /usr/local/arm-elf-tools/gcc-4.3.3/bin
PATH: /usr/lib/qt-3.3/bin
PATH: /usr/kerberos/sbin
PATH: /usr/kerberos/bin
PATH: /usr/lib/ccache
PATH: /usr/local/bin
PATH: /bin
PATH: /usr/bin
PATH: /usr/local/sbin
PATH: /usr/sbin
PATH: /sbin
PATH: /home/wristos/bin


## ----------- ##
## Core tests. ##
## ----------- ##

configure:2421: checking for a BSD-compatible install
configure:2489: result: /usr/bin/install -c
configure:2500: checking whether build environment is sane
configure:2550: result: yes
configure:2691: checking for a thread-safe mkdir -p
configure:2730: result: /bin/mkdir -p
configure:2743: checking for gawk
configure:2759: found /bin/gawk
configure:2770: result: gawk
configure:2781: checking whether make sets $(MAKE)
configure:2803: result: yes
configure:2884: checking whether to enable maintainer-specific portions of Makefiles
configure:2893: result: no
configure:2966: checking for gcc
configure:2982: found /usr/lib/ccache/gcc
configure:2993: result: gcc
configure:3222: checking for C compiler version
configure:3231: gcc --version >&5
gcc (GCC) 4.4.2 20091222 (Red Hat 4.4.2-20)
Copyright (C) 2009 Free Software Foundation, Inc.
This is free software; see the source for copying conditions.  There is NO
warranty; not even for MERCHANTABILITY or FITNESS FOR A PARTICULAR PURPOSE.

configure:3242: $? = 0
configure:3231: gcc -v >&5
Using built-in specs.
Target: i686-redhat-linux
Configured with: ../configure --prefix=/usr --mandir=/usr/share/man --infodir=/usr/share/info --with-bugurl=http://bugzilla.redhat.com/bugzilla --enable-bootstrap --enable-shared --enable-threads=posix --enable-checking=release --with-system-zlib --enable-__cxa_atexit --disable-libunwind-exceptions --enable-gnu-unique-object --enable-languages=c,c++,objc,obj-c++,java,fortran,ada --enable-java-awt=gtk --disable-dssi --enable-plugin --with-java-home=/usr/lib/jvm/java-1.5.0-gcj-1.5.0.0/jre --enable-libgcj-multifile --enable-java-maintainer-mode --with-ecj-jar=/usr/share/java/eclipse-ecj.jar --disable-libjava-multilib --with-ppl --with-cloog --with-tune=generic --with-arch=i686 --build=i686-redhat-linux
Thread model: posix
gcc version 4.4.2 20091222 (Red Hat 4.4.2-20) (GCC) 
configure:3242: $? = 0
configure:3231: gcc -V >&5
gcc: '-V' option must have argument
configure:3242: $? = 1
configure:3231: gcc -qversion >&5
gcc: unrecognized option '-qversion'
gcc: no input files
configure:3242: $? = 1
configure:3262: checking whether the C compiler works
configure:3284: gcc    conftest.c  >&5
configure:3288: $? = 0
configure:3337: result: yes
configure:3340: checking for C compiler default output file name
configure:3342: result: a.out
configure:3348: checking for suffix of executables
configure:3355: gcc -o conftest    conftest.c  >&5
configure:3359: $? = 0
configure:3381: result: 
configure:3403: checking whether we are cross compiling
configure:3411: gcc -o conftest    conftest.c  >&5
configure:3415: $? = 0
configure:3422: ./conftest
configure:3426: $? = 0
configure:3441: result: no
configure:3446: checking for suffix of object files
configure:3468: gcc -c   conftest.c >&5
configure:3472: $? = 0
configure:3493: result: o
configure:3497: checking whether we are using the GNU C compiler
configure:3516: gcc -c   conftest.c >&5
configure:3516: $? = 0
configure:3525: result: yes
configure:3534: checking whether gcc accepts -g
configure:3554: gcc -c -g  conftest.c >&5
configure:3554: $? = 0
configure:3595: result: yes
configure:3612: checking for gcc option to accept ISO C89
configure:3676: gcc  -c -g -O2  conftest.c >&5
configure:3676: $? = 0
configure:3689: result: none needed
configure:3720: checking for style of include used by make
configure:3748: result: GNU
configure:3773: checking dependency style of gcc
configure:3883: result: gcc3
configure:3902: checking build system type
configure:3916: result: i686-pc-linux-gnu
configure:3936: checking host system type
configure:3949: result: i686-pc-linux-gnu
configure:3969: checking for a sed that does not truncate output
configure:4033: result: /bin/sed
configure:4051: checking for grep that handles long lines and -e
configure:4109: result: /bin/grep
configure:4114: checking for egrep
configure:4176: result: /bin/grep -E
configure:4181: checking for fgrep
configure:4243: result: /bin/grep -F
configure:4278: checking for ld used by gcc
configure:4345: result: /usr/bin/ld
configure:4352: checking if the linker (/usr/bin/ld) is GNU ld
configure:4367: result: yes
configure:4384: checking how to run the C preprocessor
configure:4415: gcc -E  conftest.c
configure:4415: $? = 0
configure:4429: gcc -E  conftest.c
conftest.c:11:28: error: ac_nonexistent.h: No such file or directory
configure:4429: $? = 1
configure: failed program was:
| /* confdefs.h */
| #define PACKAGE_NAME "libpng"
| #define PACKAGE_TARNAME "libpng"
| #define PACKAGE_VERSION "1.4.0"
| #define PACKAGE_STRING "libpng 1.4.0"
| #define PACKAGE_BUGREPORT "png-mng-implement@lists.sourceforge.net"
| #define PACKAGE_URL ""
| #define PACKAGE "libpng"
| #define VERSION "1.4.0"
| /* end confdefs.h.  */
| #include <ac_nonexistent.h>
configure:4454: result: gcc -E
configure:4474: gcc -E  conftest.c
configure:4474: $? = 0
configure:4488: gcc -E  conftest.c
conftest.c:11:28: error: ac_nonexistent.h: No such file or directory
configure:4488: $? = 1
configure: failed program was:
| /* confdefs.h */
| #define PACKAGE_NAME "libpng"
| #define PACKAGE_TARNAME "libpng"
| #define PACKAGE_VERSION "1.4.0"
| #define PACKAGE_STRING "libpng 1.4.0"
| #define PACKAGE_BUGREPORT "png-mng-implement@lists.sourceforge.net"
| #define PACKAGE_URL ""
| #define PACKAGE "libpng"
| #define VERSION "1.4.0"
| /* end confdefs.h.  */
| #include <ac_nonexistent.h>
configure:4559: checking for sed
configure:4586: result: /bin/sed
configure:4912: checking whether ln -s works
configure:4916: result: yes
configure:4923: checking whether make sets $(MAKE)
configure:4945: result: yes
configure:4979: checking for BSD- or MS-compatible name lister (nm)
configure:5028: result: /usr/bin/nm -B
configure:5146: checking the name lister (/usr/bin/nm -B) interface
configure:5153: gcc -c -g -O2  conftest.c >&5
configure:5156: /usr/bin/nm -B "conftest.o"
configure:5159: output
00000000 B some_variable
configure:5166: result: BSD nm
configure:5170: checking the maximum length of command line arguments
configure:5290: result: 1966080
configure:5307: checking whether the shell understands some XSI constructs
configure:5317: result: yes
configure:5321: checking whether the shell understands "+="
configure:5327: result: yes
configure:5362: checking for /usr/bin/ld option to reload object files
configure:5369: result: -r
configure:5438: checking for objdump
configure:5465: result: objdump
configure:5494: checking how to recognize dependent libraries
configure:5690: result: pass_all
configure:5750: checking for ar
configure:5766: found /usr/bin/ar
configure:5777: result: ar
configure:5855: checking for strip
configure:5871: found /usr/bin/strip
configure:5882: result: strip
configure:5954: checking for ranlib
configure:5970: found /usr/bin/ranlib
configure:5981: result: ranlib
configure:6071: checking command to parse /usr/bin/nm -B output from gcc object
configure:6189: gcc -c -g -O2  conftest.c >&5
configure:6192: $? = 0
configure:6196: /usr/bin/nm -B conftest.o \| sed -n -e 's/^.*[	 ]\([ABCDGIRSTW][ABCDGIRSTW]*\)[	 ][	 ]*\([_A-Za-z][_A-Za-z0-9]*\)$/\1 \2 \2/p' \> conftest.nm
configure:6199: $? = 0
configure:6253: gcc -o conftest -g -O2   conftest.c conftstm.o >&5
configure:6256: $? = 0
configure:6294: result: ok
configure:7099: checking for ANSI C header files
configure:7119: gcc -c -g -O2  conftest.c >&5
configure:7119: $? = 0
configure:7192: gcc -o conftest -g -O2   conftest.c  >&5
configure:7192: $? = 0
configure:7192: ./conftest
configure:7192: $? = 0
configure:7203: result: yes
configure:7216: checking for sys/types.h
configure:7216: gcc -c -g -O2  conftest.c >&5
configure:7216: $? = 0
configure:7216: result: yes
configure:7216: checking for sys/stat.h
configure:7216: gcc -c -g -O2  conftest.c >&5
configure:7216: $? = 0
configure:7216: result: yes
configure:7216: checking for stdlib.h
configure:7216: gcc -c -g -O2  conftest.c >&5
configure:7216: $? = 0
configure:7216: result: yes
configure:7216: checking for string.h
configure:7216: gcc -c -g -O2  conftest.c >&5
configure:7216: $? = 0
configure:7216: result: yes
configure:7216: checking for memory.h
configure:7216: gcc -c -g -O2  conftest.c >&5
configure:7216: $? = 0
configure:7216: result: yes
configure:7216: checking for strings.h
configure:7216: gcc -c -g -O2  conftest.c >&5
configure:7216: $? = 0
configure:7216: result: yes
configure:7216: checking for inttypes.h
configure:7216: gcc -c -g -O2  conftest.c >&5
configure:7216: $? = 0
configure:7216: result: yes
configure:7216: checking for stdint.h
configure:7216: gcc -c -g -O2  conftest.c >&5
configure:7216: $? = 0
configure:7216: result: yes
configure:7216: checking for unistd.h
configure:7216: gcc -c -g -O2  conftest.c >&5
configure:7216: $? = 0
configure:7216: result: yes
configure:7231: checking for dlfcn.h
configure:7231: gcc -c -g -O2  conftest.c >&5
configure:7231: $? = 0
configure:7231: result: yes
configure:7413: checking for objdir
configure:7428: result: .libs
configure:7720: checking if gcc supports -fno-rtti -fno-exceptions
configure:7738: gcc -c -g -O2  -fno-rtti -fno-exceptions conftest.c >&5
cc1: warning: command line option "-fno-rtti" is valid for C++/ObjC++ but not for C
cc1: warning: command line option "-fno-rtti" is valid for C++/ObjC++ but not for C
configure:7742: $? = 0
configure:7755: result: no
configure:7775: checking for gcc option to produce PIC
configure:8047: result: -fPIC -DPIC
configure:8059: checking if gcc PIC flag -fPIC -DPIC works
configure:8077: gcc -c -g -O2  -fPIC -DPIC -DPIC conftest.c >&5
configure:8081: $? = 0
configure:8094: result: yes
configure:8118: checking if gcc static flag -static works
configure:8146: result: no
configure:8161: checking if gcc supports -c -o file.o
configure:8182: gcc -c -g -O2  -o out/conftest2.o conftest.c >&5
configure:8186: $? = 0
configure:8208: result: yes
configure:8216: checking if gcc supports -c -o file.o
configure:8263: result: yes
configure:8296: checking whether the gcc linker (/usr/bin/ld) supports shared libraries
configure:9282: result: yes
configure:9319: checking whether -lc should be explicitly linked in
configure:9324: gcc -c -g -O2  conftest.c >&5
configure:9327: $? = 0
configure:9342: gcc -shared conftest.o  -v -Wl,-soname -Wl,conftest -o conftest 2\>\&1 \| /bin/grep  -lc  \>/dev/null 2\>\&1
configure:9345: $? = 0
configure:9357: result: no
configure:9521: checking dynamic linker characteristics
configure:9954: gcc -o conftest -g -O2   -Wl,-rpath -Wl,/foo conftest.c  >&5
configure:9954: $? = 0
configure:10172: result: GNU/Linux ld.so
configure:10274: checking how to hardcode library paths into programs
configure:10299: result: immediate
configure:10819: checking whether stripping libraries is possible
configure:10824: result: yes
configure:10859: checking if libtool supports shared libraries
configure:10861: result: yes
configure:10864: checking whether to build shared libraries
configure:10885: result: yes
configure:10888: checking whether to build static libraries
configure:10892: result: yes
configure:10929: checking for ANSI C header files
configure:11033: result: yes
configure:11044: checking malloc.h usability
configure:11044: gcc -c -g -O2  conftest.c >&5
configure:11044: $? = 0
configure:11044: result: yes
configure:11044: checking malloc.h presence
configure:11044: gcc -E  conftest.c
configure:11044: $? = 0
configure:11044: result: yes
configure:11044: checking for malloc.h
configure:11044: result: yes
configure:11044: checking for stdlib.h
configure:11044: result: yes
configure:11044: checking for string.h
configure:11044: result: yes
configure:11044: checking for strings.h
configure:11044: result: yes
configure:11057: checking for an ANSI C-conforming const
configure:11122: gcc -c -g -O2  conftest.c >&5
configure:11122: $? = 0
configure:11129: result: yes
configure:11137: checking for size_t
configure:11137: gcc -c -g -O2  conftest.c >&5
configure:11137: $? = 0
configure:11137: gcc -c -g -O2  conftest.c >&5
conftest.c: In function 'main':
conftest.c:64: error: expected expression before ')' token
configure:11137: $? = 1
configure: failed program was:
| /* confdefs.h */
| #define PACKAGE_NAME "libpng"
| #define PACKAGE_TARNAME "libpng"
| #define PACKAGE_VERSION "1.4.0"
| #define PACKAGE_STRING "libpng 1.4.0"
| #define PACKAGE_BUGREPORT "png-mng-implement@lists.sourceforge.net"
| #define PACKAGE_URL ""
| #define PACKAGE "libpng"
| #define VERSION "1.4.0"
| #define STDC_HEADERS 1
| #define HAVE_SYS_TYPES_H 1
| #define HAVE_SYS_STAT_H 1
| #define HAVE_STDLIB_H 1
| #define HAVE_STRING_H 1
| #define HAVE_MEMORY_H 1
| #define HAVE_STRINGS_H 1
| #define HAVE_INTTYPES_H 1
| #define HAVE_STDINT_H 1
| #define HAVE_UNISTD_H 1
| #define HAVE_DLFCN_H 1
| #define LT_OBJDIR ".libs/"
| #define STDC_HEADERS 1
| #define HAVE_MALLOC_H 1
| #define HAVE_STDLIB_H 1
| #define HAVE_STRING_H 1
| #define HAVE_STRINGS_H 1
| /* end confdefs.h.  */
| #include <stdio.h>
| #ifdef HAVE_SYS_TYPES_H
| # include <sys/types.h>
| #endif
| #ifdef HAVE_SYS_STAT_H
| # include <sys/stat.h>
| #endif
| #ifdef STDC_HEADERS
| # include <stdlib.h>
| # include <stddef.h>
| #else
| # ifdef HAVE_STDLIB_H
| #  include <stdlib.h>
| # endif
| #endif
| #ifdef HAVE_STRING_H
| # if !defined STDC_HEADERS && defined HAVE_MEMORY_H
| #  include <memory.h>
| # endif
| # include <string.h>
| #endif
| #ifdef HAVE_STRINGS_H
| # include <strings.h>
| #endif
| #ifdef HAVE_INTTYPES_H
| # include <inttypes.h>
| #endif
| #ifdef HAVE_STDINT_H
| # include <stdint.h>
| #endif
| #ifdef HAVE_UNISTD_H
| # include <unistd.h>
| #endif
| int
| main ()
| {
| if (sizeof ((size_t)))
| 	    return 0;
|   ;
|   return 0;
| }
configure:11137: result: yes
configure:11148: checking whether struct tm is in sys/time.h or time.h
configure:11168: gcc -c -g -O2  conftest.c >&5
configure:11168: $? = 0
configure:11175: result: time.h
configure:11185: checking for working strtod
configure:11226: gcc -o conftest -g -O2   conftest.c  >&5
configure:11226: $? = 0
configure:11226: ./conftest
configure:11226: $? = 0
configure:11236: result: yes
configure:11300: checking for memset
configure:11300: gcc -o conftest -g -O2   conftest.c  >&5
conftest.c:51: warning: conflicting types for built-in function 'memset'
configure:11300: $? = 0
configure:11300: result: yes
configure:11313: checking for pow
configure:11313: gcc -o conftest -g -O2   conftest.c  >&5
conftest.c:52: warning: conflicting types for built-in function 'pow'
/tmp/ccmLHazo.o: In function `main':
/home/wristos/dynawa/usb/dynawa/libraries/libpng-1.4.0/conftest.c:63: undefined reference to `pow'
collect2: ld returned 1 exit status
configure:11313: $? = 1
configure: failed program was:
| /* confdefs.h */
| #define PACKAGE_NAME "libpng"
| #define PACKAGE_TARNAME "libpng"
| #define PACKAGE_VERSION "1.4.0"
| #define PACKAGE_STRING "libpng 1.4.0"
| #define PACKAGE_BUGREPORT "png-mng-implement@lists.sourceforge.net"
| #define PACKAGE_URL ""
| #define PACKAGE "libpng"
| #define VERSION "1.4.0"
| #define STDC_HEADERS 1
| #define HAVE_SYS_TYPES_H 1
| #define HAVE_SYS_STAT_H 1
| #define HAVE_STDLIB_H 1
| #define HAVE_STRING_H 1
| #define HAVE_MEMORY_H 1
| #define HAVE_STRINGS_H 1
| #define HAVE_INTTYPES_H 1
| #define HAVE_STDINT_H 1
| #define HAVE_UNISTD_H 1
| #define HAVE_DLFCN_H 1
| #define LT_OBJDIR ".libs/"
| #define STDC_HEADERS 1
| #define HAVE_MALLOC_H 1
| #define HAVE_STDLIB_H 1
| #define HAVE_STRING_H 1
| #define HAVE_STRINGS_H 1
| #define HAVE_MEMSET 1
| /* end confdefs.h.  */
| /* Define pow to an innocuous variant, in case <limits.h> declares pow.
|    For example, HP-UX 11i <limits.h> declares gettimeofday.  */
| #define pow innocuous_pow
| 
| /* System header to define __stub macros and hopefully few prototypes,
|     which can conflict with char pow (); below.
|     Prefer <limits.h> to <assert.h> if __STDC__ is defined, since
|     <limits.h> exists even on freestanding compilers.  */
| 
| #ifdef __STDC__
| # include <limits.h>
| #else
| # include <assert.h>
| #endif
| 
| #undef pow
| 
| /* Override any GCC internal prototype to avoid an error.
|    Use char because int might match the return type of a GCC
|    builtin and then its argument prototype would still apply.  */
| #ifdef __cplusplus
| extern "C"
| #endif
| char pow ();
| /* The GNU C library defines this for functions which it implements
|     to always fail with ENOSYS.  Some functions are actually named
|     something starting with __ and the normal name is an alias.  */
| #if defined __stub_pow || defined __stub___pow
| choke me
| #endif
| 
| int
| main ()
| {
| return pow ();
|   ;
|   return 0;
| }
configure:11313: result: no
configure:11320: checking for pow in -lm
configure:11345: gcc -o conftest -g -O2   conftest.c -lm   >&5
conftest.c:36: warning: conflicting types for built-in function 'pow'
configure:11345: $? = 0
configure:11354: result: yes
configure:11370: checking for zlibVersion in -lz
configure:11395: gcc -o conftest -g -O2   conftest.c -lz  -lm  >&5
configure:11395: $? = 0
configure:11404: result: yes
configure:11422: checking if libraries can be versioned
configure:11427: result: yes
configure:11446: checking for symbol prefix
configure:11453: result: 
configure:11475: pkgconfig directory is ${libdir}/pkgconfig
configure:11627: creating ./config.status

## ---------------------- ##
## Running config.status. ##
## ---------------------- ##

This file was extended by libpng config.status 1.4.0, which was
generated by GNU Autoconf 2.65.  Invocation command line was

  CONFIG_FILES    = 
  CONFIG_HEADERS  = 
  CONFIG_LINKS    = 
  CONFIG_COMMANDS = 
  $ ./config.status 

on w500

config.status:1090: creating Makefile
config.status:1090: creating libpng.pc
config.status:1090: creating libpng-config
config.status:1090: creating config.h
config.status:1262: config.h is unchanged
config.status:1310: executing depfiles commands
config.status:1310: executing libtool commands

## ---------------- ##
## Cache variables. ##
## ---------------- ##

ac_cv_build=i686-pc-linux-gnu
ac_cv_c_compiler_gnu=yes
ac_cv_c_const=yes
ac_cv_env_CC_set=
ac_cv_env_CC_value=
ac_cv_env_CFLAGS_set=
ac_cv_env_CFLAGS_value=
ac_cv_env_CPPFLAGS_set=
ac_cv_env_CPPFLAGS_value=
ac_cv_env_CPP_set=
ac_cv_env_CPP_value=
ac_cv_env_LDFLAGS_set=
ac_cv_env_LDFLAGS_value=
ac_cv_env_LIBS_set=
ac_cv_env_LIBS_value=
ac_cv_env_build_alias_set=
ac_cv_env_build_alias_value=
ac_cv_env_host_alias_set=
ac_cv_env_host_alias_value=
ac_cv_env_target_alias_set=set
ac_cv_env_target_alias_value=arm-elf
ac_cv_func_memset=yes
ac_cv_func_pow=no
ac_cv_func_strtod=yes
ac_cv_header_dlfcn_h=yes
ac_cv_header_inttypes_h=yes
ac_cv_header_malloc_h=yes
ac_cv_header_memory_h=yes
ac_cv_header_stdc=yes
ac_cv_header_stdint_h=yes
ac_cv_header_stdlib_h=yes
ac_cv_header_string_h=yes
ac_cv_header_strings_h=yes
ac_cv_header_sys_stat_h=yes
ac_cv_header_sys_types_h=yes
ac_cv_header_unistd_h=yes
ac_cv_host=i686-pc-linux-gnu
ac_cv_lib_m_pow=yes
ac_cv_lib_z_zlibVersion=yes
ac_cv_objext=o
ac_cv_path_EGREP='/bin/grep -E'
ac_cv_path_FGREP='/bin/grep -F'
ac_cv_path_GREP=/bin/grep
ac_cv_path_SED=/bin/sed
ac_cv_path_install='/usr/bin/install -c'
ac_cv_path_mkdir=/bin/mkdir
ac_cv_prog_AWK=gawk
ac_cv_prog_CPP='gcc -E'
ac_cv_prog_ac_ct_AR=ar
ac_cv_prog_ac_ct_CC=gcc
ac_cv_prog_ac_ct_OBJDUMP=objdump
ac_cv_prog_ac_ct_RANLIB=ranlib
ac_cv_prog_ac_ct_SED=/bin/sed
ac_cv_prog_ac_ct_STRIP=strip
ac_cv_prog_cc_c89=
ac_cv_prog_cc_g=yes
ac_cv_prog_make_make_set=yes
ac_cv_struct_tm=time.h
ac_cv_type_size_t=yes
am_cv_CC_dependencies_compiler_type=gcc3
lt_cv_deplibs_check_method=pass_all
lt_cv_file_magic_cmd='$MAGIC_CMD'
lt_cv_file_magic_test_file=
lt_cv_ld_reload_flag=-r
lt_cv_nm_interface='BSD nm'
lt_cv_objdir=.libs
lt_cv_path_LD=/usr/bin/ld
lt_cv_path_NM='/usr/bin/nm -B'
lt_cv_prog_compiler_c_o=yes
lt_cv_prog_compiler_pic_works=yes
lt_cv_prog_compiler_rtti_exceptions=no
lt_cv_prog_compiler_static_works=no
lt_cv_prog_gnu_ld=yes
lt_cv_sys_global_symbol_pipe='sed -n -e '\''s/^.*[	 ]\([ABCDGIRSTW][ABCDGIRSTW]*\)[	 ][	 ]*\([_A-Za-z][_A-Za-z0-9]*\)$/\1 \2 \2/p'\'''
lt_cv_sys_global_symbol_to_c_name_address='sed -n -e '\''s/^: \([^ ]*\) $/  {\"\1\", (void *) 0},/p'\'' -e '\''s/^[ABCDGIRSTW]* \([^ ]*\) \([^ ]*\)$/  {"\2", (void *) \&\2},/p'\'''
lt_cv_sys_global_symbol_to_c_name_address_lib_prefix='sed -n -e '\''s/^: \([^ ]*\) $/  {\"\1\", (void *) 0},/p'\'' -e '\''s/^[ABCDGIRSTW]* \([^ ]*\) \(lib[^ ]*\)$/  {"\2", (void *) \&\2},/p'\'' -e '\''s/^[ABCDGIRSTW]* \([^ ]*\) \([^ ]*\)$/  {"lib\2", (void *) \&\2},/p'\'''
lt_cv_sys_global_symbol_to_cdecl='sed -n -e '\''s/^T .* \(.*\)$/extern int \1();/p'\'' -e '\''s/^[ABCDGIRSTW]* .* \(.*\)$/extern char \1;/p'\'''
lt_cv_sys_max_cmd_len=1966080

## ----------------- ##
## Output variables. ##
## ----------------- ##

ACLOCAL='${SHELL} /home/wristos/dynawa/usb/dynawa/libraries/libpng-1.4.0/missing --run aclocal-1.11'
AMDEPBACKSLASH='\'
AMDEP_FALSE='#'
AMDEP_TRUE=''
AMTAR='${SHELL} /home/wristos/dynawa/usb/dynawa/libraries/libpng-1.4.0/missing --run tar'
AR='ar'
AS='as'
AUTOCONF='${SHELL} /home/wristos/dynawa/usb/dynawa/libraries/libpng-1.4.0/missing --run autoconf'
AUTOHEADER='${SHELL} /home/wristos/dynawa/usb/dynawa/libraries/libpng-1.4.0/missing --run autoheader'
AUTOMAKE='${SHELL} /home/wristos/dynawa/usb/dynawa/libraries/libpng-1.4.0/missing --run automake-1.11'
AWK='gawk'
CC='gcc'
CCDEPMODE='depmode=gcc3'
CFLAGS='-g -O2'
CPP='gcc -E'
CPPFLAGS=''
CYGPATH_W='echo'
DEFS='-DHAVE_CONFIG_H'
DEPDIR='.deps'
DLLTOOL='dlltool'
DSYMUTIL=''
DUMPBIN=''
ECHO_C=''
ECHO_N='-n'
ECHO_T=''
EGREP='/bin/grep -E'
EXEEXT=''
FGREP='/bin/grep -F'
GREP='/bin/grep'
HAVE_LD_VERSION_SCRIPT_FALSE='#'
HAVE_LD_VERSION_SCRIPT_TRUE=''
INSTALL_DATA='${INSTALL} -m 644'
INSTALL_PROGRAM='${INSTALL}'
INSTALL_SCRIPT='${INSTALL}'
INSTALL_STRIP_PROGRAM='$(install_sh) -c -s'
LD='/usr/bin/ld'
LDFLAGS=''
LIBOBJS=''
LIBPNG_DEFINES='-DPNG_CONFIGURE_LIBPNG'
LIBS='-lz -lm '
LIBTOOL='$(SHELL) $(top_builddir)/libtool'
LIPO=''
LN_S='ln -s'
LTLIBOBJS=''
MAINT='#'
MAINTAINER_MODE_FALSE=''
MAINTAINER_MODE_TRUE='#'
MAKEINFO='${SHELL} /home/wristos/dynawa/usb/dynawa/libraries/libpng-1.4.0/missing --run makeinfo'
MKDIR_P='/bin/mkdir -p'
NM='/usr/bin/nm -B'
NMEDIT=''
OBJDUMP='objdump'
OBJEXT='o'
OTOOL64=''
OTOOL=''
PACKAGE='libpng'
PACKAGE_BUGREPORT='png-mng-implement@lists.sourceforge.net'
PACKAGE_NAME='libpng'
PACKAGE_STRING='libpng 1.4.0'
PACKAGE_TARNAME='libpng'
PACKAGE_URL=''
PACKAGE_VERSION='1.4.0'
PATH_SEPARATOR=':'
PNGLIB_MAJOR='1'
PNGLIB_MINOR='4'
PNGLIB_RELEASE='0'
PNGLIB_VERSION='1.4.0'
POW_LIB=''
RANLIB='ranlib'
SED='/bin/sed'
SET_MAKE=''
SHELL='/bin/sh'
STRIP='strip'
SYMBOL_PREFIX=''
VERSION='1.4.0'
ac_ct_CC='gcc'
ac_ct_DUMPBIN=''
am__EXEEXT_FALSE=''
am__EXEEXT_TRUE='#'
am__fastdepCC_FALSE='#'
am__fastdepCC_TRUE=''
am__include='include'
am__isrc=''
am__leading_dot='.'
am__quote=''
am__tar='${AMTAR} chof - "$$tardir"'
am__untar='${AMTAR} xf -'
binconfigs='${binconfigs}'
bindir='${exec_prefix}/bin'
build='i686-pc-linux-gnu'
build_alias=''
build_cpu='i686'
build_os='linux-gnu'
build_vendor='pc'
datadir='${datarootdir}'
datarootdir='${prefix}/share'
docdir='${datarootdir}/doc/${PACKAGE_TARNAME}'
dvidir='${docdir}'
exec_prefix='${prefix}'
host='i686-pc-linux-gnu'
host_alias=''
host_cpu='i686'
host_os='linux-gnu'
host_vendor='pc'
htmldir='${docdir}'
includedir='${prefix}/include'
infodir='${datarootdir}/info'
install_sh='${SHELL} /home/wristos/dynawa/usb/dynawa/libraries/libpng-1.4.0/install-sh'
libdir='${exec_prefix}/lib'
libexecdir='${exec_prefix}/libexec'
localedir='${datarootdir}/locale'
localstatedir='${prefix}/var'
lt_ECHO='echo'
mandir='${datarootdir}/man'
mkdir_p='/bin/mkdir -p'
oldincludedir='/usr/include'
pdfdir='${docdir}'
pkgconfigdir='${libdir}/pkgconfig'
prefix='/usr/local'
program_transform_name='s,x,x,'
psdir='${docdir}'
sbindir='${exec_prefix}/sbin'
sharedstatedir='${prefix}/com'
sysconfdir='${prefix}/etc'
target_alias='arm-elf'

## ----------- ##
## confdefs.h. ##
## ----------- ##

/* confdefs.h */
#define PACKAGE_NAME "libpng"
#define PACKAGE_TARNAME "libpng"
#define PACKAGE_VERSION "1.4.0"
#define PACKAGE_STRING "libpng 1.4.0"
#define PACKAGE_BUGREPORT "png-mng-implement@lists.sourceforge.net"
#define PACKAGE_URL ""
#define PACKAGE "libpng"
#define VERSION "1.4.0"
#define STDC_HEADERS 1
#define HAVE_SYS_TYPES_H 1
#define HAVE_SYS_STAT_H 1
#define HAVE_STDLIB_H 1
#define HAVE_STRING_H 1
#define HAVE_MEMORY_H 1
#define HAVE_STRINGS_H 1
#define HAVE_INTTYPES_H 1
#define HAVE_STDINT_H 1
#define HAVE_UNISTD_H 1
#define HAVE_DLFCN_H 1
#define LT_OBJDIR ".libs/"
#define STDC_HEADERS 1
#define HAVE_MALLOC_H 1
#define HAVE_STDLIB_H 1
#define HAVE_STRING_H 1
#define HAVE_STRINGS_H 1
#define HAVE_MEMSET 1
#define HAVE_LIBM 1
#define HAVE_LIBZ 1

configure: exit 0
